\BOOKMARK [1][-]{section*.1}{\376\377\000A\000b\000s\000t\000r\000a\000c\000t}{}% 1
\BOOKMARK [1][-]{section*.2}{\376\377\000C\000h\000a\000p\000t\000e\000r\000\040\0001}{}% 2
\BOOKMARK [1][-]{section*.3}{\376\377\000O\000b\000t\000a\000i\000n\000i\000n\000g\000\040\000d\000a\000t\000a}{}% 3
\BOOKMARK [1][-]{section*.4}{\376\377\000C\000h\000a\000p\000t\000e\000r\000\040\0002}{}% 4
\BOOKMARK [1][-]{section*.5}{\376\377\000D\000a\000t\000a\000\040\000p\000r\000e\000-\000p\000r\000o\000c\000e\000s\000s\000i\000n\000g}{}% 5
\BOOKMARK [1][-]{section*.6}{\376\377\000C\000h\000a\000p\000t\000e\000r\000\040\0003}{}% 6
\BOOKMARK [1][-]{section*.7}{\376\377\000E\000x\000p\000l\000o\000r\000a\000t\000o\000r\000y\000\040\000a\000n\000a\000l\000y\000s\000e\000s}{}% 7
\BOOKMARK [2][-]{section*.8}{\376\377\0003\000.\0001\000\040\000G\000l\000o\000b\000a\000l\000\040\000e\000x\000p\000l\000o\000r\000a\000t\000o\000r\000y\000\040\000a\000n\000a\000l\000y\000s\000e\000s}{section*.7}% 8
\BOOKMARK [3][-]{section*.9}{\376\377\0003\000.\0002\000\040\000V\000a\000r\000i\000a\000b\000l\000e\000\040\000t\000r\000a\000n\000s\000f\000o\000r\000m\000a\000t\000i\000o\000n}{section*.8}% 9
\BOOKMARK [3][-]{section*.10}{\376\377\0003\000.\0003\000\040\000P\000l\000o\000t\000t\000i\000n\000g\000\040\000f\000u\000n\000c\000t\000i\000o\000n\000\040\000a\000n\000d\000\040\000d\000i\000v\000i\000s\000i\000o\000n\000\040\000i\000n\000\040\000g\000r\000o\000u\000p\000s}{section*.8}% 10
\BOOKMARK [3][-]{section*.11}{\376\377\0003\000.\0004\000\040\000A\000n\000a\000l\000y\000s\000i\000s\000\040\000o\000n\000\040\000g\000r\000o\000u\000p\000s\000\040\000o\000f\000\040\000v\000a\000r\000i\000a\000b\000l\000e\000s}{section*.8}% 11
\BOOKMARK [1][-]{section*.18}{\376\377\000C\000h\000a\000p\000t\000e\000r\000\040\0004}{}% 12
\BOOKMARK [1][-]{section*.19}{\376\377\000D\000e\000s\000c\000r\000i\000p\000t\000i\000v\000e\000\040\000a\000n\000a\000l\000y\000s\000e\000s}{}% 13
\BOOKMARK [2][-]{section*.20}{\376\377\0004\000.\0001\000\040\000G\000l\000o\000b\000a\000l\000\040\000a\000n\000a\000l\000y\000s\000e\000s}{section*.19}% 14
\BOOKMARK [3][-]{section*.21}{\376\377\0004\000.\0002\000\040\000A\000n\000a\000l\000y\000s\000e\000s\000\040\000b\000y\000\040\000s\000o\000u\000r\000c\000e}{section*.20}% 15
\BOOKMARK [3][-]{section*.22}{\376\377\0004\000.\0003\000\040\000A\000n\000a\000l\000y\000s\000e\000s\000\040\000b\000y\000\040\000m\000a\000c\000r\000o\000r\000e\000g\000i\000o\000n}{section*.20}% 16
\BOOKMARK [3][-]{section*.23}{\376\377\0004\000.\0004\000\040\000G\000r\000e\000e\000n\000\040\000S\000c\000o\000r\000e\000\040\000w\000i\000t\000h\000\040\000f\000o\000c\000u\000s\000\040\000o\000n\000\040\000t\000h\000e\000\040\000s\000o\000u\000r\000c\000e\000s}{section*.20}% 17
\BOOKMARK [3][-]{section*.24}{\376\377\0004\000.\0005\000\040\000G\000r\000e\000e\000n\000\040\000S\000c\000o\000r\000e\000\040\000w\000i\000t\000h\000\040\000f\000o\000c\000u\000s\000\040\000o\000n\000\040\000t\000h\000e\000\040\000m\000a\000c\000r\000o\000r\000e\000g\000i\000o\000n\000s}{section*.20}% 18
\BOOKMARK [1][-]{section*.25}{\376\377\000C\000h\000a\000p\000t\000e\000r\000\040\0005}{}% 19
\BOOKMARK [1][-]{section*.26}{\376\377\000M\000o\000d\000e\000l\000i\000n\000g}{}% 20
\BOOKMARK [2][-]{section*.27}{\376\377\0005\000.\0001\000\040\000I\000n\000i\000t\000i\000a\000l\000\040\000d\000a\000t\000a\000\040\000p\000r\000e\000p\000a\000r\000a\000t\000i\000o\000n\000\040\000f\000o\000r\000\040\000M\000o\000d\000e\000l\000i\000n\000g}{section*.26}% 21
\BOOKMARK [3][-]{section*.28}{\376\377\0005\000.\0002\000\040\000F\000u\000n\000c\000t\000i\000o\000n\000s\000\040\000d\000e\000f\000i\000n\000i\000t\000i\000o\000n}{section*.27}% 22
\BOOKMARK [3][-]{section*.29}{\376\377\0005\000.\0003\000\040\000O\000b\000t\000a\000i\000n\000i\000n\000g\000\040\000M\000o\000d\000e\000l\000s}{section*.27}% 23
\BOOKMARK [1][-]{section*.38}{\376\377\000S\000i\000t\000o\000g\000r\000a\000p\000h\000y}{}% 24
